<?xml version="1.0" encoding="UTF-8"?>
<robot generator="Robot 5.0.1 (Python 3.10.7 on win32)" generated="20220915 17:26:59.178" rpa="false" schemaversion="3">
<suite id="s1" name="Login invalido" source="C:\Users\Prax\Desktop\Teste_Prax\tests\Login_invalido.robot">
<kw name="Abrir Sessao" library="Resource" type="SETUP">
<kw name="Open Browser" library="SeleniumLibrary">
<arg>${URL}</arg>
<arg>${ROBOT_BROWSER}</arg>
<doc>Opens a new browser instance to the optional ``url``.</doc>
<msg timestamp="20220915 17:26:59.480" level="INFO">Opening browser 'chrome' to base url 'https://accounts.google.com/'.</msg>
<status status="PASS" starttime="20220915 17:26:59.480" endtime="20220915 17:27:02.338"/>
</kw>
<kw name="Maximize Browser Window" library="SeleniumLibrary">
<doc>Maximizes current browser window.</doc>
<status status="PASS" starttime="20220915 17:27:02.339" endtime="20220915 17:27:02.457"/>
</kw>
<status status="PASS" starttime="20220915 17:26:59.471" endtime="20220915 17:27:02.457"/>
</kw>
<test id="s1-t1" name="Caso de Teste 01: Login invalido" line="9">
<kw name="Dado que eu efetue o login invalido" library="Logar_google_invalido">
<kw name="Wait Until Element Is Visible" library="SeleniumLibrary">
<arg>${LOGIN}</arg>
<doc>Waits until the element ``locator`` is visible.</doc>
<status status="PASS" starttime="20220915 17:27:02.460" endtime="20220915 17:27:02.488"/>
</kw>
<kw name="Input Text" library="SeleniumLibrary">
<arg>${LOGIN}</arg>
<arg>praxtestesqa@gmail.com</arg>
<doc>Types the given ``text`` into the text field identified by ``locator``.</doc>
<msg timestamp="20220915 17:27:02.489" level="INFO">Typing text 'praxtestesqa@gmail.com' into text field 'name=identifier'.</msg>
<status status="PASS" starttime="20220915 17:27:02.489" endtime="20220915 17:27:02.605"/>
</kw>
<kw name="Click Element" library="SeleniumLibrary">
<arg>xpath=//*[@id="identifierNext"]</arg>
<doc>Click the element identified by ``locator``.</doc>
<msg timestamp="20220915 17:27:02.606" level="INFO">Clicking element 'xpath=//*[@id="identifierNext"]'.</msg>
<status status="PASS" starttime="20220915 17:27:02.605" endtime="20220915 17:27:02.792"/>
</kw>
<kw name="Wait Until Element Is Visible" library="SeleniumLibrary">
<arg>${PASSWORD}</arg>
<arg>${TIMEOUT}</arg>
<doc>Waits until the element ``locator`` is visible.</doc>
<status status="PASS" starttime="20220915 17:27:02.792" endtime="20220915 17:27:06.715"/>
</kw>
<kw name="Input Text" library="SeleniumLibrary">
<arg>${PASSWORD}</arg>
<arg>teste123</arg>
<doc>Types the given ``text`` into the text field identified by ``locator``.</doc>
<msg timestamp="20220915 17:27:06.716" level="INFO">Typing text 'teste123' into text field 'name=Passwd'.</msg>
<status status="PASS" starttime="20220915 17:27:06.716" endtime="20220915 17:27:06.790"/>
</kw>
<status status="PASS" starttime="20220915 17:27:02.459" endtime="20220915 17:27:06.791"/>
</kw>
<kw name="Quando eu tentar logar" library="Logar_google_invalido">
<kw name="Wait Until Element Is Visible" library="SeleniumLibrary">
<arg>xpath=//*[@id="passwordNext"]//button</arg>
<arg>${TIMEOUT}</arg>
<doc>Waits until the element ``locator`` is visible.</doc>
<status status="PASS" starttime="20220915 17:27:06.792" endtime="20220915 17:27:06.813"/>
</kw>
<kw name="Click Element" library="SeleniumLibrary">
<arg>xpath=//*[@id="passwordNext"]//button</arg>
<doc>Click the element identified by ``locator``.</doc>
<msg timestamp="20220915 17:27:06.814" level="INFO">Clicking element 'xpath=//*[@id="passwordNext"]//button'.</msg>
<status status="PASS" starttime="20220915 17:27:06.813" endtime="20220915 17:27:06.937"/>
</kw>
<status status="PASS" starttime="20220915 17:27:06.791" endtime="20220915 17:27:06.937"/>
</kw>
<kw name="Então deve ser exibido uma mensagem de erro" library="Logar_google_invalido">
<kw name="Wait Until Element Is Visible" library="SeleniumLibrary">
<arg>xpath=//*[contains(text(), 'Senha incorreta')]</arg>
<arg>${TIMEOUT}</arg>
<doc>Waits until the element ``locator`` is visible.</doc>
<status status="PASS" starttime="20220915 17:27:06.938" endtime="20220915 17:27:07.614"/>
</kw>
<kw name="Capture Page Screenshot" library="SeleniumLibrary">
<doc>Takes a screenshot of the current page and embeds it into a log file.</doc>
<msg timestamp="20220915 17:27:07.722" level="INFO" html="true">&lt;/td&gt;&lt;/tr&gt;&lt;tr&gt;&lt;td colspan="3"&gt;&lt;a href="selenium-screenshot-2.png"&gt;&lt;img src="selenium-screenshot-2.png" width="800px"&gt;&lt;/a&gt;</msg>
<status status="PASS" starttime="20220915 17:27:07.614" endtime="20220915 17:27:07.722"/>
</kw>
<status status="PASS" starttime="20220915 17:27:06.937" endtime="20220915 17:27:07.722"/>
</kw>
<status status="PASS" starttime="20220915 17:27:02.458" endtime="20220915 17:27:07.722"/>
</test>
<status status="PASS" starttime="20220915 17:26:59.178" endtime="20220915 17:27:07.725"/>
</suite>
<statistics>
<total>
<stat pass="1" fail="0" skip="0">All Tests</stat>
</total>
<tag>
</tag>
<suite>
<stat pass="1" fail="0" skip="0" id="s1" name="Login invalido">Login invalido</stat>
</suite>
</statistics>
<errors>
</errors>
</robot>
